[debug] [2021-03-16T01:54:57.578Z] ----------------------------------------------------------------------
[debug] [2021-03-16T01:54:57.579Z] Command:       /usr/local/bin/firebase /Users/kindkathy/.cache/firebase/tools/lib/node_modules/firebase-tools/lib/bin/firebase init
[debug] [2021-03-16T01:54:57.579Z] CLI Version:   9.3.0
[debug] [2021-03-16T01:54:57.580Z] Platform:      darwin
[debug] [2021-03-16T01:54:57.580Z] Node Version:  v12.18.1
[debug] [2021-03-16T01:54:57.581Z] Time:          Mon Mar 15 2021 18:54:57 GMT-0700 (Pacific Daylight Time)
[debug] [2021-03-16T01:54:57.581Z] ----------------------------------------------------------------------
[debug] [2021-03-16T01:54:57.581Z] 
[debug] [2021-03-16T01:54:57.585Z] > command requires scopes: ["email","openid","https://www.googleapis.com/auth/cloudplatformprojects.readonly","https://www.googleapis.com/auth/firebase","https://www.googleapis.com/auth/cloud-platform"]
[debug] [2021-03-16T01:54:57.585Z] > authorizing via signed-in user
[info] 
     ######## #### ########  ######## ########     ###     ######  ########
     ##        ##  ##     ## ##       ##     ##  ##   ##  ##       ##
     ######    ##  ########  ######   ########  #########  ######  ######
     ##        ##  ##    ##  ##       ##     ## ##     ##       ## ##
     ##       #### ##     ## ######## ########  ##     ##  ######  ########

You're about to initialize a Firebase project in this directory:

  /Users/kindkathy/Documents/HCDE438/job-app-tracker

[info] 
=== Project Setup
[info] 
[info] First, let's associate this project directory with a Firebase project.
[info] You can create multiple project aliases by running firebase use --add, 
[info] but for now we'll just set up a default project.
[info] 
[debug] [2021-03-16T01:57:38.731Z] > refreshing access token with scopes: []
[debug] [2021-03-16T01:57:38.731Z] >>> HTTP REQUEST POST https://www.googleapis.com/oauth2/v3/token  
 <request body omitted>
[debug] [2021-03-16T01:57:38.902Z] <<< HTTP RESPONSE 200 {"date":"Tue, 16 Mar 2021 01:57:38 GMT","pragma":"no-cache","expires":"Mon, 01 Jan 1990 00:00:00 GMT","cache-control":"no-cache, no-store, max-age=0, must-revalidate","content-type":"application/json; charset=utf-8","vary":"X-Origin, Referer, Origin,Accept-Encoding","server":"scaffolding on HTTPServer2","x-xss-protection":"0","x-frame-options":"SAMEORIGIN","x-content-type-options":"nosniff","alt-svc":"h3-29=\":443\"; ma=2592000,h3-T051=\":443\"; ma=2592000,h3-Q050=\":443\"; ma=2592000,h3-Q046=\":443\"; ma=2592000,h3-Q043=\":443\"; ma=2592000,quic=\":443\"; ma=2592000; v=\"46,43\"","accept-ranges":"none","transfer-encoding":"chunked"}
[debug] [2021-03-16T01:57:38.930Z] >>> [apiv2][query] GET https://firebase.googleapis.com/v1beta1/projects pageSize=100
[debug] [2021-03-16T01:57:39.262Z] <<< [apiv2][status] GET https://firebase.googleapis.com/v1beta1/projects 200
[debug] [2021-03-16T01:57:39.262Z] <<< [apiv2][body] GET https://firebase.googleapis.com/v1beta1/projects [omitted]
[info] i  Using project hcde-438-final-job-tracker (HCDE 438 Final Job Tracker) 
[info] 
=== Hosting Setup
[info] 
[info] Your public directory is the folder (relative to your project directory) that
[info] will contain Hosting assets to be uploaded with firebase deploy. If you
[info] have a build process for your assets, use your build's output directory.
[info] 
[debug] [2021-03-16T01:58:43.998Z] >>> [apiv2][query] GET https://www.gstatic.com/firebasejs/releases.json [none]
[debug] [2021-03-16T01:58:44.105Z] <<< [apiv2][status] GET https://www.gstatic.com/firebasejs/releases.json 200
[debug] [2021-03-16T01:58:44.106Z] <<< [apiv2][body] GET https://www.gstatic.com/firebasejs/releases.json {"current":{"version":"8.3.0","browserURL":"https://www.gstatic.com/firebasejs/8.3.0/firebase.js","packageURL":"https://www.gstatic.com/firebasejs/8.3.0/firebase.tgz"},"live":{"version":"8.3","browserURL":"https://www.gstatic.com/firebasejs/live/8.3/firebase.js","packageURL":"https://www.gstatic.com/firebasejs/live/8.3/firebase.tgz"},"components":{"analytics":"https://www.gstatic.com/firebasejs/8.3.0/firebase-analytics.js","app":"https://www.gstatic.com/firebasejs/8.3.0/firebase-app.js","auth":"https://www.gstatic.com/firebasejs/8.3.0/firebase-auth.js","database":"https://www.gstatic.com/firebasejs/8.3.0/firebase-database.js","firestore":"https://www.gstatic.com/firebasejs/8.3.0/firebase-firestore.js","functions":"https://www.gstatic.com/firebasejs/8.3.0/firebase-functions.js","installations":"https://www.gstatic.com/firebasejs/8.3.0/firebase-installations.js","messaging":"https://www.gstatic.com/firebasejs/8.3.0/firebase-messaging.js","storage":"https://www.gstatic.com/firebasejs/8.3.0/firebase-storage.js","performance":"https://www.gstatic.com/firebasejs/8.3.0/firebase-performance.js","remote-config":"https://www.gstatic.com/firebasejs/8.3.0/firebase-remote-config.js","firestore.memory":"https://www.gstatic.com/firebasejs/8.3.0/firebase-firestore.memory.js"}}
[info] ✔  Wrote public/index.html 
[info] 
[info] i  Detected a .git folder at /Users/kindkathy/Documents/HCDE438/job-app-tracker 
[info] i  Authorizing with GitHub to upload your service account to a GitHub repository's secrets store. 
[info] 
[info] Visit this URL on this device to log in:
[info] https://github.com/login/oauth/authorize?client_id=89cf50f02ac6aaed3484&state=154592333&redirect_uri=http%3A%2F%2Flocalhost%3A9005&scope=read%3Auser%20repo%20public_repo
[info] 
[info] Waiting for authentication...
[debug] [2021-03-16T01:59:09.489Z] >>> HTTP REQUEST POST https://github.com/login/oauth/access_token  
 {"client_id":"89cf50f02ac6aaed3484","client_secret":"3330d14abc895d9a74d5f17cd7a00711fa2c5bf0","code":"4c49b0c2c4b70f93b5ea","redirect_uri":"http://localhost:9005","state":"154592333"}
[debug] [2021-03-16T01:59:09.840Z] <<< HTTP RESPONSE 200 {"server":"GitHub.com","date":"Tue, 16 Mar 2021 01:59:09 GMT","content-type":"application/json; charset=utf-8","transfer-encoding":"chunked","vary":"X-PJAX, Accept-Encoding, Accept, X-Requested-With","etag":"W/\"37af59ea526bc5625d6d668af944dcff\"","cache-control":"max-age=0, private, must-revalidate","strict-transport-security":"max-age=31536000; includeSubdomains; preload","x-frame-options":"deny","x-content-type-options":"nosniff","x-xss-protection":"0","referrer-policy":"origin-when-cross-origin, strict-origin-when-cross-origin","expect-ct":"max-age=2592000, report-uri=\"https://api.github.com/_private/browser/errors\"","content-security-policy":"default-src 'none'; base-uri 'self'; block-all-mixed-content; connect-src 'self' uploads.github.com www.githubstatus.com collector.githubapp.com api.github.com github-cloud.s3.amazonaws.com github-production-repository-file-5c1aeb.s3.amazonaws.com github-production-upload-manifest-file-7fdce7.s3.amazonaws.com github-production-user-asset-6210df.s3.amazonaws.com cdn.optimizely.com logx.optimizely.com/v1/events wss://alive.github.com; font-src github.githubassets.com; form-action 'self' github.com gist.github.com; frame-ancestors 'none'; frame-src render.githubusercontent.com; img-src 'self' data: github.githubassets.com identicons.github.com collector.githubapp.com github-cloud.s3.amazonaws.com secured-user-images.githubusercontent.com/ *.githubusercontent.com; manifest-src 'self'; media-src 'none'; script-src github.githubassets.com; style-src 'unsafe-inline' github.githubassets.com; worker-src github.com/socket-worker-6832eced.js gist.github.com/socket-worker-6832eced.js","x-github-request-id":"96E5:35C3:237A9F:423933:605010ED"}
[debug] [2021-03-16T01:59:09.842Z] >>> [apiv2][query] GET https://api.github.com/user [none]
[debug] [2021-03-16T01:59:10.212Z] <<< [apiv2][status] GET https://api.github.com/user 200
[debug] [2021-03-16T01:59:10.212Z] <<< [apiv2][body] GET https://api.github.com/user {"login":"knguye1999","id":55815753,"node_id":"MDQ6VXNlcjU1ODE1NzUz","avatar_url":"https://avatars.githubusercontent.com/u/55815753?v=4","gravatar_id":"","url":"https://api.github.com/users/knguye1999","html_url":"https://github.com/knguye1999","followers_url":"https://api.github.com/users/knguye1999/followers","following_url":"https://api.github.com/users/knguye1999/following{/other_user}","gists_url":"https://api.github.com/users/knguye1999/gists{/gist_id}","starred_url":"https://api.github.com/users/knguye1999/starred{/owner}{/repo}","subscriptions_url":"https://api.github.com/users/knguye1999/subscriptions","organizations_url":"https://api.github.com/users/knguye1999/orgs","repos_url":"https://api.github.com/users/knguye1999/repos","events_url":"https://api.github.com/users/knguye1999/events{/privacy}","received_events_url":"https://api.github.com/users/knguye1999/received_events","type":"User","site_admin":false,"name":null,"company":null,"blog":"","location":null,"email":null,"hireable":null,"bio":null,"twitter_username":null,"public_repos":6,"public_gists":5,"followers":0,"following":0,"created_at":"2019-09-25T23:01:35Z","updated_at":"2021-03-16T01:59:01Z","private_gists":0,"total_private_repos":0,"owned_private_repos":0,"disk_usage":159931,"collaborators":0,"two_factor_authentication":false,"plan":{"name":"free","space":976562499,"collaborators":0,"private_repos":10000}}
[info] 
[info] ✔  Success! Logged into GitHub as knguye1999 
[info] 
